-- Configuring done
-- Generating done
-- Build files have been written to: /Users/tangyue/CSproj/Courses/CMake tutorial/cmake-tutor-progress/build
-- Cache values
// Path to a program.
CMAKE_ADDR2LINE:FILEPATH=/opt/homebrew/opt/binutils/bin/addr2line

// Path to a program.
CMAKE_AR:FILEPATH=/Applications/Xcode.app/Contents/Developer/Toolchains/XcodeDefault.xctoolchain/usr/bin/ar

// Choose the type of build, options are: None Debug Release RelWithDebInfo MinSizeRel ...
CMAKE_BUILD_TYPE:STRING=

// Enable/Disable color output during build.
CMAKE_COLOR_MAKEFILE:BOOL=ON

// CXX compiler
CMAKE_CXX_COMPILER:FILEPATH=/Applications/Xcode.app/Contents/Developer/Toolchains/XcodeDefault.xctoolchain/usr/bin/c++

// Flags used by the CXX compiler during all build types.
CMAKE_CXX_FLAGS:STRING=

// Flags used by the CXX compiler during DEBUG builds.
CMAKE_CXX_FLAGS_DEBUG:STRING=-g

// Flags used by the CXX compiler during MINSIZEREL builds.
CMAKE_CXX_FLAGS_MINSIZEREL:STRING=-Os -DNDEBUG

// Flags used by the CXX compiler during RELEASE builds.
CMAKE_CXX_FLAGS_RELEASE:STRING=-O3 -DNDEBUG

// Flags used by the CXX compiler during RELWITHDEBINFO builds.
CMAKE_CXX_FLAGS_RELWITHDEBINFO:STRING=-O2 -g -DNDEBUG

// C compiler
CMAKE_C_COMPILER:FILEPATH=/Applications/Xcode.app/Contents/Developer/Toolchains/XcodeDefault.xctoolchain/usr/bin/cc

// Flags used by the C compiler during all build types.
CMAKE_C_FLAGS:STRING=

// Flags used by the C compiler during DEBUG builds.
CMAKE_C_FLAGS_DEBUG:STRING=-g

// Flags used by the C compiler during MINSIZEREL builds.
CMAKE_C_FLAGS_MINSIZEREL:STRING=-Os -DNDEBUG

// Flags used by the C compiler during RELEASE builds.
CMAKE_C_FLAGS_RELEASE:STRING=-O3 -DNDEBUG

// Flags used by the C compiler during RELWITHDEBINFO builds.
CMAKE_C_FLAGS_RELWITHDEBINFO:STRING=-O2 -g -DNDEBUG

// Path to a program.
CMAKE_DLLTOOL:FILEPATH=/opt/homebrew/opt/binutils/bin/dlltool

// Flags used by the linker during all build types.
CMAKE_EXE_LINKER_FLAGS:STRING=-L/opt/homebrew/opt/llvm/lib

// Flags used by the linker during DEBUG builds.
CMAKE_EXE_LINKER_FLAGS_DEBUG:STRING=

// Flags used by the linker during MINSIZEREL builds.
CMAKE_EXE_LINKER_FLAGS_MINSIZEREL:STRING=

// Flags used by the linker during RELEASE builds.
CMAKE_EXE_LINKER_FLAGS_RELEASE:STRING=

// Flags used by the linker during RELWITHDEBINFO builds.
CMAKE_EXE_LINKER_FLAGS_RELWITHDEBINFO:STRING=

// Enable/Disable output of compile commands during generation.
CMAKE_EXPORT_COMPILE_COMMANDS:BOOL=

// Path to a program.
CMAKE_INSTALL_NAME_TOOL:FILEPATH=/usr/bin/install_name_tool

// Install path prefix, prepended onto install directories.
CMAKE_INSTALL_PREFIX:PATH=/usr/local

// Path to a program.
CMAKE_LINKER:FILEPATH=/Applications/Xcode.app/Contents/Developer/Toolchains/XcodeDefault.xctoolchain/usr/bin/ld

// Path to a program.
CMAKE_MAKE_PROGRAM:FILEPATH=/opt/local/bin/gmake

// Flags used by the linker during the creation of modules during all build types.
CMAKE_MODULE_LINKER_FLAGS:STRING=-L/opt/homebrew/opt/llvm/lib

// Flags used by the linker during the creation of modules during DEBUG builds.
CMAKE_MODULE_LINKER_FLAGS_DEBUG:STRING=

// Flags used by the linker during the creation of modules during MINSIZEREL builds.
CMAKE_MODULE_LINKER_FLAGS_MINSIZEREL:STRING=

// Flags used by the linker during the creation of modules during RELEASE builds.
CMAKE_MODULE_LINKER_FLAGS_RELEASE:STRING=

// Flags used by the linker during the creation of modules during RELWITHDEBINFO builds.
CMAKE_MODULE_LINKER_FLAGS_RELWITHDEBINFO:STRING=

// Path to a program.
CMAKE_NM:FILEPATH=/Applications/Xcode.app/Contents/Developer/Toolchains/XcodeDefault.xctoolchain/usr/bin/nm

// Path to a program.
CMAKE_OBJCOPY:FILEPATH=/opt/homebrew/opt/binutils/bin/objcopy

// Path to a program.
CMAKE_OBJDUMP:FILEPATH=/Applications/Xcode.app/Contents/Developer/Toolchains/XcodeDefault.xctoolchain/usr/bin/objdump

// Build architectures for OSX
CMAKE_OSX_ARCHITECTURES:STRING=

// Minimum OS X version to target for deployment (at runtime); newer APIs weak linked. Set to empty string for default value.
CMAKE_OSX_DEPLOYMENT_TARGET:STRING=13.0

// The product will be built against the headers and libraries located inside the indicated SDK.
CMAKE_OSX_SYSROOT:PATH=/Applications/Xcode.app/Contents/Developer/Platforms/MacOSX.platform/Developer/SDKs/MacOSX13.1.sdk

// Path to a program.
CMAKE_RANLIB:FILEPATH=/Applications/Xcode.app/Contents/Developer/Toolchains/XcodeDefault.xctoolchain/usr/bin/ranlib

// Path to a program.
CMAKE_READELF:FILEPATH=/opt/homebrew/opt/binutils/bin/readelf

// Flags used by the linker during the creation of shared libraries during all build types.
CMAKE_SHARED_LINKER_FLAGS:STRING=-L/opt/homebrew/opt/llvm/lib

// Flags used by the linker during the creation of shared libraries during DEBUG builds.
CMAKE_SHARED_LINKER_FLAGS_DEBUG:STRING=

// Flags used by the linker during the creation of shared libraries during MINSIZEREL builds.
CMAKE_SHARED_LINKER_FLAGS_MINSIZEREL:STRING=

// Flags used by the linker during the creation of shared libraries during RELEASE builds.
CMAKE_SHARED_LINKER_FLAGS_RELEASE:STRING=

// Flags used by the linker during the creation of shared libraries during RELWITHDEBINFO builds.
CMAKE_SHARED_LINKER_FLAGS_RELWITHDEBINFO:STRING=

// If set, runtime paths are not added when installing shared libraries, but are added when building.
CMAKE_SKIP_INSTALL_RPATH:BOOL=NO

// If set, runtime paths are not added when using shared libraries.
CMAKE_SKIP_RPATH:BOOL=NO

// Flags used by the linker during the creation of static libraries during all build types.
CMAKE_STATIC_LINKER_FLAGS:STRING=

// Flags used by the linker during the creation of static libraries during DEBUG builds.
CMAKE_STATIC_LINKER_FLAGS_DEBUG:STRING=

// Flags used by the linker during the creation of static libraries during MINSIZEREL builds.
CMAKE_STATIC_LINKER_FLAGS_MINSIZEREL:STRING=

// Flags used by the linker during the creation of static libraries during RELEASE builds.
CMAKE_STATIC_LINKER_FLAGS_RELEASE:STRING=

// Flags used by the linker during the creation of static libraries during RELWITHDEBINFO builds.
CMAKE_STATIC_LINKER_FLAGS_RELWITHDEBINFO:STRING=

// Path to a program.
CMAKE_STRIP:FILEPATH=/Applications/Xcode.app/Contents/Developer/Toolchains/XcodeDefault.xctoolchain/usr/bin/strip

// If this value is on, makefiles will be generated without the .SILENT directive, and all commands will be echoed to the console during the make.  This is useful for debugging only. With Visual Studio IDE projects all commands are done without /nologo.
CMAKE_VERBOSE_MAKEFILE:BOOL=FALSE

